<?xml version="1.0" encoding="UTF-8" ?>
<testsuites disabled="0" errors="0" failures="0" tests="3" time="18.066">
 <testsuite name="testing program" timestamp="2021-12-16T22:13:05" hostname="localhost" time="7.982" errors="0" tests="1" skipped="0" disabled="0" failures="0">
  <testcase classname="testing program" name="Addition test" time="7.979" />
 </testsuite>
 <testsuite name="Demo calcul9ator tests" timestamp="2021-12-16T22:13:13" hostname="localhost" time="10.084" errors="0" tests="2" skipped="0" disabled="0" failures="0">
  <testcase classname="Demo calcul9ator tests" name="addtion test: firstdata" time="5.262" />
  <testcase classname="Demo calcul9ator tests" name="addtion test: seconddata" time="4.817" />
 </testsuite>
</testsuites>